# JRE version: OpenJDK Runtime Environment (11.0.8+10) (build 11.0.8+10-post-Ubuntu-0ubuntu118.04.1)
# Java VM: OpenJDK 64-Bit Server VM (11.0.8+10-post-Ubuntu-0ubuntu118.04.1, mixed mode, sharing, tiered, compressed oops, serial gc, linux-amd64)
Heap:
 def new generation   total 2432K, used 579K [0x00000000f8000000, 0x00000000f82a0000, 0x00000000faaa0000)
  eden space 2176K,  14% used [0x00000000f8000000, 0x00000000f8050c08, 0x00000000f8220000)
  from space 256K, 100% used [0x00000000f8220000, 0x00000000f8260000, 0x00000000f8260000)
  to   space 256K,   0% used [0x00000000f8260000, 0x00000000f8260000, 0x00000000f82a0000)
 tenured generation   total 5504K, used 2412K [0x00000000faaa0000, 0x00000000fb000000, 0x0000000100000000)
   the space 5504K,  43% used [0x00000000faaa0000, 0x00000000facfb318, 0x00000000facfb400, 0x00000000fb000000)
 Metaspace       used 11005K, capacity 11488K, committed 11776K, reserved 1058816K
  class space    used 1231K, capacity 1461K, committed 1536K, reserved 1048576K
GC Heap History (12 events):
Event: 0.936 GC heap before
{Heap before GC invocations=0 (full 0):
 def new generation   total 2432K, used 2176K [0x00000000f8000000, 0x00000000f82a0000, 0x00000000faaa0000)
  eden space 2176K, 100% used [0x00000000f8000000, 0x00000000f8220000, 0x00000000f8220000)
  from space 256K,   0% used [0x00000000f8220000, 0x00000000f8220000, 0x00000000f8260000)
  to   space 256K,   0% used [0x00000000f8260000, 0x00000000f8260000, 0x00000000f82a0000)
 tenured generation   total 5504K, used 0K [0x00000000faaa0000, 0x00000000fb000000, 0x0000000100000000)
   the space 5504K,   0% used [0x00000000faaa0000, 0x00000000faaa0000, 0x00000000faaa0200, 0x00000000fb000000)
 Metaspace       used 859K, capacity 4641K, committed 4864K, reserved 1056768K
  class space    used 82K, capacity 442K, committed 512K, reserved 1048576K
}
Event: 0.979 GC heap after
{Heap after GC invocations=1 (full 0):
 def new generation   total 2432K, used 255K [0x00000000f8000000, 0x00000000f82a0000, 0x00000000faaa0000)
  eden space 2176K,   0% used [0x00000000f8000000, 0x00000000f8000000, 0x00000000f8220000)
  from space 256K,  99% used [0x00000000f8260000, 0x00000000f829fff8, 0x00000000f82a0000)
  to   space 256K,   0% used [0x00000000f8220000, 0x00000000f8220000, 0x00000000f8260000)
 tenured generation   total 5504K, used 614K [0x00000000faaa0000, 0x00000000fb000000, 0x0000000100000000)
   the space 5504K,  11% used [0x00000000faaa0000, 0x00000000fab39bf0, 0x00000000fab39c00, 0x00000000fb000000)
 Metaspace       used 859K, capacity 4641K, committed 4864K, reserved 1056768K
  class space    used 82K, capacity 442K, committed 512K, reserved 1048576K
}
Event: 2.286 GC heap before
{Heap before GC invocations=1 (full 0):
 def new generation   total 2432K, used 2431K [0x00000000f8000000, 0x00000000f82a0000, 0x00000000faaa0000)
  eden space 2176K, 100% used [0x00000000f8000000, 0x00000000f8220000, 0x00000000f8220000)
  from space 256K,  99% used [0x00000000f8260000, 0x00000000f829fff8, 0x00000000f82a0000)
  to   space 256K,   0% used [0x00000000f8220000, 0x00000000f8220000, 0x00000000f8260000)
 tenured generation   total 5504K, used 614K [0x00000000faaa0000, 0x00000000fb000000, 0x0000000100000000)
   the space 5504K,  11% used [0x00000000faaa0000, 0x00000000fab39bf0, 0x00000000fab39c00, 0x00000000fb000000)
 Metaspace       used 4235K, capacity 4866K, committed 4992K, reserved 1056768K
  class space    used 436K, capacity 521K, committed 640K, reserved 1048576K
}
Event: 2.294 GC heap after
{Heap after GC invocations=2 (full 0):
 def new generation   total 2432K, used 256K [0x00000000f8000000, 0x00000000f82a0000, 0x00000000faaa0000)
  eden space 2176K,   0% used [0x00000000f8000000, 0x00000000f8000000, 0x00000000f8220000)
  from space 256K, 100% used [0x00000000f8220000, 0x00000000f8260000, 0x00000000f8260000)
  to   space 256K,   0% used [0x00000000f8260000, 0x00000000f8260000, 0x00000000f82a0000)
 tenured generation   total 5504K, used 1152K [0x00000000faaa0000, 0x00000000fb000000, 0x0000000100000000)
   the space 5504K,  20% used [0x00000000faaa0000, 0x00000000fabc01c8, 0x00000000fabc0200, 0x00000000fb000000)
 Metaspace       used 4235K, capacity 4866K, committed 4992K, reserved 1056768K
  class space    used 436K, capacity 521K, committed 640K, reserved 1048576K
}
Event: 3.011 GC heap before
{Heap before GC invocations=2 (full 0):
 def new generation   total 2432K, used 2432K [0x00000000f8000000, 0x00000000f82a0000, 0x00000000faaa0000)
  eden space 2176K, 100% used [0x00000000f8000000, 0x00000000f8220000, 0x00000000f8220000)
  from space 256K, 100% used [0x00000000f8220000, 0x00000000f8260000, 0x00000000f8260000)
  to   space 256K,   0% used [0x00000000f8260000, 0x00000000f8260000, 0x00000000f82a0000)
 tenured generation   total 5504K, used 1152K [0x00000000faaa0000, 0x00000000fb000000, 0x0000000100000000)
   the space 5504K,  20% used [0x00000000faaa0000, 0x00000000fabc01c8, 0x00000000fabc0200, 0x00000000fb000000)
 Metaspace       used 5712K, capacity 6031K, committed 6272K, reserved 1056768K
  class space    used 672K, capacity 812K, committed 896K, reserved 1048576K
}
Event: 3.018 GC heap after
{Heap after GC invocations=3 (full 0):
 def new generation   total 2432K, used 256K [0x00000000f8000000, 0x00000000f82a0000, 0x00000000faaa0000)
  eden space 2176K,   0% used [0x00000000f8000000, 0x00000000f8000000, 0x00000000f8220000)
  from space 256K, 100% used [0x00000000f8260000, 0x00000000f82a0000, 0x00000000f82a0000)
  to   space 256K,   0% used [0x00000000f8220000, 0x00000000f8220000, 0x00000000f8260000)
 tenured generation   total 5504K, used 1545K [0x00000000faaa0000, 0x00000000fb000000, 0x0000000100000000)
   the space 5504K,  28% used [0x00000000faaa0000, 0x00000000fac22468, 0x00000000fac22600, 0x00000000fb000000)
 Metaspace       used 5712K, capacity 6031K, committed 6272K, reserved 1056768K
  class space    used 672K, capacity 812K, committed 896K, reserved 1048576K
}
Event: 3.699 GC heap before
{Heap before GC invocations=3 (full 0):
 def new generation   total 2432K, used 2432K [0x00000000f8000000, 0x00000000f82a0000, 0x00000000faaa0000)
  eden space 2176K, 100% used [0x00000000f8000000, 0x00000000f8220000, 0x00000000f8220000)
  from space 256K, 100% used [0x00000000f8260000, 0x00000000f82a0000, 0x00000000f82a0000)
  to   space 256K,   0% used [0x00000000f8220000, 0x00000000f8220000, 0x00000000f8260000)
 tenured generation   total 5504K, used 1545K [0x00000000faaa0000, 0x00000000fb000000, 0x0000000100000000)
   the space 5504K,  28% used [0x00000000faaa0000, 0x00000000fac22468, 0x00000000fac22600, 0x00000000fb000000)
 Metaspace       used 8250K, capacity 8611K, committed 8832K, reserved 1056768K
  class space    used 948K, capacity 1141K, committed 1152K, reserved 1048576K
}
Event: 3.779 GC heap after
{Heap after GC invocations=4 (full 0):
 def new generation   total 2432K, used 256K [0x00000000f8000000, 0x00000000f82a0000, 0x00000000faaa0000)
  eden space 2176K,   0% used [0x00000000f8000000, 0x00000000f8000000, 0x00000000f8220000)
  from space 256K, 100% used [0x00000000f8220000, 0x00000000f8260000, 0x00000000f8260000)
  to   space 256K,   0% used [0x00000000f8260000, 0x00000000f8260000, 0x00000000f82a0000)
 tenured generation   total 5504K, used 1945K [0x00000000faaa0000, 0x00000000fb000000, 0x0000000100000000)
   the space 5504K,  35% used [0x00000000faaa0000, 0x00000000fac865e8, 0x00000000fac86600, 0x00000000fb000000)
 Metaspace       used 8250K, capacity 8611K, committed 8832K, reserved 1056768K
  class space    used 948K, capacity 1141K, committed 1152K, reserved 1048576K
}
Event: 4.203 GC heap before
{Heap before GC invocations=4 (full 0):
 def new generation   total 2432K, used 2430K [0x00000000f8000000, 0x00000000f82a0000, 0x00000000faaa0000)
  eden space 2176K,  99% used [0x00000000f8000000, 0x00000000f821f898, 0x00000000f8220000)
  from space 256K, 100% used [0x00000000f8220000, 0x00000000f8260000, 0x00000000f8260000)
  to   space 256K,   0% used [0x00000000f8260000, 0x00000000f8260000, 0x00000000f82a0000)
 tenured generation   total 5504K, used 1945K [0x00000000faaa0000, 0x00000000fb000000, 0x0000000100000000)
   the space 5504K,  35% used [0x00000000faaa0000, 0x00000000fac865e8, 0x00000000fac86600, 0x00000000fb000000)
 Metaspace       used 8545K, capacity 8985K, committed 9216K, reserved 1056768K
  class space    used 1001K, capacity 1224K, committed 1280K, reserved 1048576K
}
Event: 4.215 GC heap after
{Heap after GC invocations=5 (full 0):
 def new generation   total 2432K, used 222K [0x00000000f8000000, 0x00000000f82a0000, 0x00000000faaa0000)
  eden space 2176K,   0% used [0x00000000f8000000, 0x00000000f8000000, 0x00000000f8220000)
  from space 256K,  86% used [0x00000000f8260000, 0x00000000f8297820, 0x00000000f82a0000)
  to   space 256K,   0% used [0x00000000f8220000, 0x00000000f8220000, 0x00000000f8260000)
 tenured generation   total 5504K, used 2194K [0x00000000faaa0000, 0x00000000fb000000, 0x0000000100000000)
   the space 5504K,  39% used [0x00000000faaa0000, 0x00000000facc4868, 0x00000000facc4a00, 0x00000000fb000000)
 Metaspace       used 8545K, capacity 8985K, committed 9216K, reserved 1056768K
  class space    used 1001K, capacity 1224K, committed 1280K, reserved 1048576K
}
Event: 39.881 GC heap before
{Heap before GC invocations=5 (full 0):
 def new generation   total 2432K, used 2398K [0x00000000f8000000, 0x00000000f82a0000, 0x00000000faaa0000)
  eden space 2176K, 100% used [0x00000000f8000000, 0x00000000f8220000, 0x00000000f8220000)
  from space 256K,  86% used [0x00000000f8260000, 0x00000000f8297820, 0x00000000f82a0000)
  to   space 256K,   0% used [0x00000000f8220000, 0x00000000f8220000, 0x00000000f8260000)
 tenured generation   total 5504K, used 2194K [0x00000000faaa0000, 0x00000000fb000000, 0x0000000100000000)
   the space 5504K,  39% used [0x00000000faaa0000, 0x00000000facc4868, 0x00000000facc4a00, 0x00000000fb000000)
 Metaspace       used 10975K, capacity 11473K, committed 11776K, reserved 1058816K
  class space    used 1224K, capacity 1456K, committed 1536K, reserved 1048576K
}
Event: 39.888 GC heap after
{Heap after GC invocations=6 (full 0):
 def new generation   total 2432K, used 256K [0x00000000f8000000, 0x00000000f82a0000, 0x00000000faaa0000)
  eden space 2176K,   0% used [0x00000000f8000000, 0x00000000f8000000, 0x00000000f8220000)
  from space 256K, 100% used [0x00000000f8220000, 0x00000000f8260000, 0x00000000f8260000)
  to   space 256K,   0% used [0x00000000f8260000, 0x00000000f8260000, 0x00000000f82a0000)
 tenured generation   total 5504K, used 2412K [0x00000000faaa0000, 0x00000000fb000000, 0x0000000100000000)
   the space 5504K,  43% used [0x00000000faaa0000, 0x00000000facfb318, 0x00000000facfb400, 0x00000000fb000000)
 Metaspace       used 10975K, capacity 11473K, committed 11776K, reserved 1058816K
  class space    used 1224K, capacity 1456K, committed 1536K, reserved 1048576K
}

